0 info it worked if it ends with ok
1 verbose cli [ '/usr/bin/node', '/usr/bin/npm', 'install', '-g', 'npm' ]
2 info using npm@1.4.21
3 info using node@v8.11.1
4 verbose cache add [ 'npm', null ]
5 verbose cache add name=undefined spec="npm" args=["npm",null]
6 verbose parsed url Url {
6 verbose parsed url   protocol: null,
6 verbose parsed url   slashes: null,
6 verbose parsed url   auth: null,
6 verbose parsed url   host: null,
6 verbose parsed url   port: null,
6 verbose parsed url   hostname: null,
6 verbose parsed url   hash: null,
6 verbose parsed url   search: null,
6 verbose parsed url   query: null,
6 verbose parsed url   pathname: 'npm',
6 verbose parsed url   path: 'npm',
6 verbose parsed url   href: 'npm' }
7 silly lockFile 660051d1-npm npm
8 verbose lock npm /home/pi/.npm/660051d1-npm.lock
9 silly lockFile 660051d1-npm npm
10 silly lockFile 660051d1-npm npm
11 verbose addNamed [ 'npm', '' ]
12 verbose addNamed [ null, '*' ]
13 silly lockFile 2f990b75-npm npm@
14 verbose lock npm@ /home/pi/.npm/2f990b75-npm.lock
15 silly addNameRange { name: 'npm', range: '*', hasData: false }
16 verbose request where is /npm
17 verbose request registry https://registry.npmjs.org/
18 verbose request id c5f8268944acb340
19 verbose url raw /npm
20 verbose url resolving [ 'https://registry.npmjs.org/', './npm' ]
21 verbose url resolved https://registry.npmjs.org/npm
22 verbose request where is https://registry.npmjs.org/npm
23 info trying registry request attempt 1 at 19:54:51
24 http GET https://registry.npmjs.org/npm
25 http 200 https://registry.npmjs.org/npm
26 silly registry.get cb [ 200,
26 silly registry.get   { date: 'Thu, 07 Feb 2019 19:54:51 GMT',
26 silly registry.get     'content-type': 'application/json',
26 silly registry.get     'transfer-encoding': 'chunked',
26 silly registry.get     connection: 'close',
26 silly registry.get     'set-cookie':
26 silly registry.get      [ '__cfduid=d90193bfcc9f5cce91ed2845ebabacdd11549569291; expires=Fri, 07-Feb-20 19:54:51 GMT; path=/; domain=.registry.npmjs.org; HttpOnly' ],
26 silly registry.get     'cf-cache-status': 'HIT',
26 silly registry.get     'cache-control': 'max-age=300',
26 silly registry.get     'cf-ray': '4a5869271fe17862-LAX',
26 silly registry.get     etag: 'W/"ee512b5dfe014d6e0df3829545a48143"',
26 silly registry.get     'expect-ct': 'max-age=604800, report-uri="https://report-uri.cloudflare.com/cdn-cgi/beacon/expect-ct"',
26 silly registry.get     'last-modified': 'Thu, 07 Feb 2019 19:52:44 GMT',
26 silly registry.get     vary: 'accept-encoding, accept',
26 silly registry.get     'x-amz-meta-rev': '2021-c765042daa6560aae0616b3991e46795',
26 silly registry.get     server: 'cloudflare',
26 silly registry.get     'content-encoding': 'gzip' } ]
27 silly addNameRange number 2 { name: 'npm', range: '*', hasData: true }
28 silly addNameRange versions [ 'npm',
28 silly addNameRange   [ '1.1.25',
28 silly addNameRange     '1.2.32',
28 silly addNameRange     '1.3.2',
28 silly addNameRange     '1.3.4',
28 silly addNameRange     '1.2.20',
28 silly addNameRange     '1.2.21',
28 silly addNameRange     '1.2.22',
28 silly addNameRange     '1.2.23',
28 silly addNameRange     '1.2.24',
28 silly addNameRange     '1.2.25',
28 silly addNameRange     '1.2.27',
28 silly addNameRange     '1.2.28',
28 silly addNameRange     '1.2.30',
28 silly addNameRange     '1.2.31',
28 silly addNameRange     '1.3.0',
28 silly addNameRange     '1.3.1',
28 silly addNameRange     '1.2.19',
28 silly addNameRange     '1.1.70',
28 silly addNameRange     '1.1.71',
28 silly addNameRange     '1.3.5',
28 silly addNameRange     '1.3.6',
28 silly addNameRange     '1.3.7',
28 silly addNameRange     '1.3.8',
28 silly addNameRange     '1.3.9',
28 silly addNameRange     '1.3.10',
28 silly addNameRange     '1.3.11',
28 silly addNameRange     '1.3.12',
28 silly addNameRange     '1.3.13',
28 silly addNameRange     '1.3.14',
28 silly addNameRange     '1.3.15',
28 silly addNameRange     '1.3.16',
28 silly addNameRange     '1.3.17',
28 silly addNameRange     '1.3.18',
28 silly addNameRange     '1.3.20',
28 silly addNameRange     '1.3.21',
28 silly addNameRange     '1.3.22',
28 silly addNameRange     '1.3.23',
28 silly addNameRange     '1.3.24',
28 silly addNameRange     '1.3.25',
28 silly addNameRange     '1.3.26',
28 silly addNameRange     '1.4.0',
28 silly addNameRange     '1.4.1',
28 silly addNameRange     '1.4.2',
28 silly addNameRange     '1.4.3',
28 silly addNameRange     '1.4.4',
28 silly addNameRange     '1.4.5',
28 silly addNameRange     '1.4.6',
28 silly addNameRange     '1.4.7',
28 silly addNameRange     '1.4.8',
28 silly addNameRange     '1.4.9',
28 silly addNameRange     '1.4.10',
28 silly addNameRange     '1.4.11',
28 silly addNameRange     '1.4.12',
28 silly addNameRange     '1.4.13',
28 silly addNameRange     '1.4.14',
28 silly addNameRange     '1.4.15',
28 silly addNameRange     '1.4.16',
28 silly addNameRange     '1.2.8000',
28 silly addNameRange     '1.4.17',
28 silly addNameRange     '1.4.18',
28 silly addNameRange     '1.4.19',
28 silly addNameRange     '1.5.0-alpha-0',
28 silly addNameRange     '1.5.0-alpha-1',
28 silly addNameRange     '1.4.20',
28 silly addNameRange     '1.5.0-alpha-2',
28 silly addNameRange     '1.4.21',
28 silly addNameRange     '1.5.0-alpha-3',
28 silly addNameRange     '1.5.0-alpha-4',
28 silly addNameRange     '2.0.0-alpha-5',
28 silly addNameRange     '1.4.22',
28 silly addNameRange     '1.4.23',
28 silly addNameRange     '2.0.0-alpha.6.0',
28 silly addNameRange     '1.4.24',
28 silly addNameRange     '2.0.0-alpha.6',
28 silly addNameRange     '2.0.0-alpha.7',
28 silly addNameRange     '2.0.0-beta.0',
28 silly addNameRange     '1.4.25',
28 silly addNameRange     '2.0.0-beta.1',
28 silly addNameRange     '1.4.26',
28 silly addNameRange     '2.0.0-beta.2',
28 silly addNameRange     '1.4.27',
28 silly addNameRange     '2.0.0-beta.3',
28 silly addNameRange     '1.4.28',
28 silly addNameRange     '2.0.0',
28 silly addNameRange     '2.0.1',
28 silly addNameRange     '2.0.2',
28 silly addNameRange     '2.1.0',
28 silly addNameRange     '2.1.1',
28 silly addNameRange     '2.1.2',
28 silly addNameRange     '2.1.3',
28 silly addNameRange     '2.1.4',
28 silly addNameRange     '2.1.5',
28 silly addNameRange     '2.1.6',
28 silly addNameRange     '2.1.7',
28 silly addNameRange     '2.1.8',
28 silly addNameRange     '2.1.9',
28 silly addNameRange     '2.1.10',
28 silly addNameRange     '2.1.11',
28 silly addNameRange     '2.1.12',
28 silly addNameRange     '2.1.13',
28 silly addNameRange     ... 207 more items ] ]
29 verbose addNamed [ 'npm', '6.7.0' ]
30 verbose addNamed [ '6.7.0', '6.7.0' ]
31 silly lockFile 6f031c7d-npm-6-7-0 npm@6.7.0
32 verbose lock npm@6.7.0 /home/pi/.npm/6f031c7d-npm-6-7-0.lock
33 silly lockFile 3f05e2c3-stry-npmjs-org-npm-npm-6-7-0-tgz https://registry.npmjs.org/npm/-/npm-6.7.0.tgz
34 verbose lock https://registry.npmjs.org/npm/-/npm-6.7.0.tgz /home/pi/.npm/3f05e2c3-stry-npmjs-org-npm-npm-6-7-0-tgz.lock
35 verbose addRemoteTarball [ 'https://registry.npmjs.org/npm/-/npm-6.7.0.tgz',
35 verbose addRemoteTarball   'a563d6e6806913b2afa4c713ba63047cb7c63ea4' ]
36 info retry fetch attempt 1 at 19:54:54
37 verbose fetch to= /tmp/npm-30704-8Vp0vkYO/registry.npmjs.org/npm/-/npm-6.7.0.tgz
38 http GET https://registry.npmjs.org/npm/-/npm-6.7.0.tgz
39 http 200 https://registry.npmjs.org/npm/-/npm-6.7.0.tgz
40 silly lockFile 3f05e2c3-stry-npmjs-org-npm-npm-6-7-0-tgz https://registry.npmjs.org/npm/-/npm-6.7.0.tgz
41 silly lockFile 3f05e2c3-stry-npmjs-org-npm-npm-6-7-0-tgz https://registry.npmjs.org/npm/-/npm-6.7.0.tgz
42 silly lockFile 6f031c7d-npm-6-7-0 npm@6.7.0
43 silly lockFile 6f031c7d-npm-6-7-0 npm@6.7.0
44 silly lockFile 2f990b75-npm npm@
45 silly lockFile 2f990b75-npm npm@
46 silly resolved [ { version: '6.7.0',
46 silly resolved     name: 'npm',
46 silly resolved     description: 'a package manager for JavaScript',
46 silly resolved     keywords: [ 'install', 'modules', 'package manager', 'package.json' ],
46 silly resolved     preferGlobal: true,
46 silly resolved     config: { publishtest: false },
46 silly resolved     homepage: 'https://docs.npmjs.com/',
46 silly resolved     author:
46 silly resolved      { name: 'Isaac Z. Schlueter',
46 silly resolved        email: 'i@izs.me',
46 silly resolved        url: 'http://blog.izs.me' },
46 silly resolved     repository: { type: 'git', url: 'git+https://github.com/npm/cli.git' },
46 silly resolved     bugs: { url: 'https://npm.community/c/bugs' },
46 silly resolved     directories: { bin: './bin', doc: './doc', lib: './lib', man: './man' },
46 silly resolved     main: './lib/npm.js',
46 silly resolved     bin: { npm: './bin/npm-cli.js', npx: './bin/npx-cli.js' },
46 silly resolved     dependencies:
46 silly resolved      { JSONStream: '^1.3.5',
46 silly resolved        abbrev: '~1.1.1',
46 silly resolved        ansicolors: '~0.3.2',
46 silly resolved        ansistyles: '~0.1.3',
46 silly resolved        aproba: '^2.0.0',
46 silly resolved        archy: '~1.0.0',
46 silly resolved        'bin-links': '^1.1.2',
46 silly resolved        bluebird: '^3.5.3',
46 silly resolved        'byte-size': '^5.0.1',
46 silly resolved        cacache: '^11.3.2',
46 silly resolved        'call-limit': '~1.1.0',
46 silly resolved        chownr: '^1.1.1',
46 silly resolved        'ci-info': '^2.0.0',
46 silly resolved        'cli-columns': '^3.1.2',
46 silly resolved        'cli-table3': '^0.5.1',
46 silly resolved        'cmd-shim': '~2.0.2',
46 silly resolved        columnify: '~1.5.4',
46 silly resolved        'config-chain': '^1.1.12',
46 silly resolved        'detect-indent': '~5.0.0',
46 silly resolved        'detect-newline': '^2.1.0',
46 silly resolved        dezalgo: '~1.0.3',
46 silly resolved        editor: '~1.0.0',
46 silly resolved        'figgy-pudding': '^3.5.1',
46 silly resolved        'find-npm-prefix': '^1.0.2',
46 silly resolved        'fs-vacuum': '~1.2.10',
46 silly resolved        'fs-write-stream-atomic': '~1.0.10',
46 silly resolved        'gentle-fs': '^2.0.1',
46 silly resolved        glob: '^7.1.3',
46 silly resolved        'graceful-fs': '^4.1.15',
46 silly resolved        'has-unicode': '~2.0.1',
46 silly resolved        'hosted-git-info': '^2.7.1',
46 silly resolved        iferr: '^1.0.2',
46 silly resolved        inflight: '~1.0.6',
46 silly resolved        inherits: '~2.0.3',
46 silly resolved        ini: '^1.3.5',
46 silly resolved        'init-package-json': '^1.10.3',
46 silly resolved        'is-cidr': '^3.0.0',
46 silly resolved        'json-parse-better-errors': '^1.0.2',
46 silly resolved        'lazy-property': '~1.0.0',
46 silly resolved        libcipm: '^3.0.3',
46 silly resolved        libnpm: '^2.0.1',
46 silly resolved        libnpmhook: '^5.0.2',
46 silly resolved        libnpx: '^10.2.0',
46 silly resolved        'lock-verify': '^2.0.2',
46 silly resolved        lockfile: '^1.0.4',
46 silly resolved        'lodash._baseuniq': '~4.6.0',
46 silly resolved        'lodash.clonedeep': '~4.5.0',
46 silly resolved        'lodash.union': '~4.6.0',
46 silly resolved        'lodash.uniq': '~4.5.0',
46 silly resolved        'lodash.without': '~4.4.0',
46 silly resolved        'lru-cache': '^4.1.5',
46 silly resolved        meant: '~1.0.1',
46 silly resolved        mississippi: '^3.0.0',
46 silly resolved        mkdirp: '~0.5.1',
46 silly resolved        'move-concurrently': '^1.0.1',
46 silly resolved        'node-gyp': '^3.8.0',
46 silly resolved        nopt: '~4.0.1',
46 silly resolved        'normalize-package-data': '~2.4.0',
46 silly resolved        'npm-audit-report': '^1.3.2',
46 silly resolved        'npm-cache-filename': '~1.0.2',
46 silly resolved        'npm-install-checks': '~3.0.0',
46 silly resolved        'npm-lifecycle': '^2.1.0',
46 silly resolved        'npm-package-arg': '^6.1.0',
46 silly resolved        'npm-packlist': '^1.2.0',
46 silly resolved        'npm-pick-manifest': '^2.2.3',
46 silly resolved        'npm-registry-fetch': '^3.8.0',
46 silly resolved        'npm-user-validate': '~1.0.0',
46 silly resolved        npmlog: '~4.1.2',
46 silly resolved        once: '~1.4.0',
46 silly resolved        opener: '^1.5.1',
46 silly resolved        osenv: '^0.1.5',
46 silly resolved        pacote: '^9.4.0',
46 silly resolved        'path-is-inside': '~1.0.2',
46 silly resolved        'promise-inflight': '~1.0.1',
46 silly resolved        'qrcode-terminal': '^0.12.0',
46 silly resolved        'query-string': '^6.2.0',
46 silly resolved        qw: '~1.0.1',
46 silly resolved        read: '~1.0.7',
46 silly resolved        'read-cmd-shim': '~1.0.1',
46 silly resolved        'read-installed': '~4.0.3',
46 silly resolved        'read-package-json': '^2.0.13',
46 silly resolved        'read-package-tree': '^5.2.1',
46 silly resolved        'readable-stream': '^3.1.1',
46 silly resolved        request: '^2.88.0',
46 silly resolved        retry: '^0.12.0',
46 silly resolved        rimraf: '^2.6.3',
46 silly resolved        'safe-buffer': '^5.1.2',
46 silly resolved        semver: '^5.6.0',
46 silly resolved        sha: '~2.0.1',
46 silly resolved        slide: '~1.1.6',
46 silly resolved        'sorted-object': '~2.0.1',
46 silly resolved        'sorted-union-stream': '~2.1.3',
46 silly resolved        ssri: '^6.0.1',
46 silly resolved        'stringify-package': '^1.0.0',
46 silly resolved        tar: '^4.4.8',
46 silly resolved        'text-table': '~0.2.0',
46 silly resolved        'tiny-relative-date': '^1.3.0',
46 silly resolved        'uid-number': '0.0.6',
46 silly resolved        umask: '~1.1.0',
46 silly resolved        'unique-filename': '^1.1.1',
46 silly resolved        unpipe: '~1.0.0',
46 silly resolved        'update-notifier': '^2.5.0',
46 silly resolved        uuid: '^3.3.2',
46 silly resolved        'validate-npm-package-license': '^3.0.4',
46 silly resolved        'validate-npm-package-name': '~3.0.0',
46 silly resolved        which: '^1.3.1',
46 silly resolved        'worker-farm': '^1.6.0',
46 silly resolved        'write-file-atomic': '^2.4.2',
46 silly resolved        debuglog: '*',
46 silly resolved        imurmurhash: '*',
46 silly resolved        libnpmaccess: '*',
46 silly resolved        libnpmorg: '*',
46 silly resolved        libnpmsearch: '*',
46 silly resolved        libnpmteam: '*',
46 silly resolved        'lodash._baseindexof': '*',
46 silly resolved        'lodash._bindcallback': '*',
46 silly resolved        'lodash._cacheindexof': '*',
46 silly resolved        'lodash._createcache': '*',
46 silly resolved        'lodash._getnative': '*',
46 silly resolved        'lodash.restparam': '*',
46 silly resolved        'npm-profile': '*',
46 silly resolved        'readdir-scoped-modules': '*' },
46 silly resolved     bundleDependencies:
46 silly resolved      [ 'abbrev',
46 silly resolved        'ansicolors',
46 silly resolved        'ansistyles',
46 silly resolved        'aproba',
46 silly resolved        'archy',
46 silly resolved        'bin-links',
46 silly resolved        'bluebird',
46 silly resolved        'byte-size',
46 silly resolved        'cacache',
46 silly resolved        'call-limit',
46 silly resolved        'chownr',
46 silly resolved        'ci-info',
46 silly resolved        'cli-columns',
46 silly resolved        'cli-table3',
46 silly resolved        'cmd-shim',
46 silly resolved        'columnify',
46 silly resolved        'config-chain',
46 silly resolved        'debuglog',
46 silly resolved        'detect-indent',
46 silly resolved        'detect-newline',
46 silly resolved        'dezalgo',
46 silly resolved        'editor',
46 silly resolved        'figgy-pudding',
46 silly resolved        'find-npm-prefix',
46 silly resolved        'fs-vacuum',
46 silly resolved        'fs-write-stream-atomic',
46 silly resolved        'gentle-fs',
46 silly resolved        'glob',
46 silly resolved        'graceful-fs',
46 silly resolved        'has-unicode',
46 silly resolved        'hosted-git-info',
46 silly resolved        'iferr',
46 silly resolved        'imurmurhash',
46 silly resolved        'inflight',
46 silly resolved        'inherits',
46 silly resolved        'ini',
46 silly resolved        'init-package-json',
46 silly resolved        'is-cidr',
46 silly resolved        'json-parse-better-errors',
46 silly resolved        'JSONStream',
46 silly resolved        'lazy-property',
46 silly resolved        'libcipm',
46 silly resolved        'libnpm',
46 silly resolved        'libnpmaccess',
46 silly resolved        'libnpmhook',
46 silly resolved        'libnpmorg',
46 silly resolved        'libnpmsearch',
46 silly resolved        'libnpmteam',
46 silly resolved        'libnpx',
46 silly resolved        'lock-verify',
46 silly resolved        'lockfile',
46 silly resolved        'lodash._baseindexof',
46 silly resolved        'lodash._baseuniq',
46 silly resolved        'lodash._bindcallback',
46 silly resolved        'lodash._cacheindexof',
46 silly resolved        'lodash._createcache',
46 silly resolved        'lodash._getnative',
46 silly resolved        'lodash.clonedeep',
46 silly resolved        'lodash.restparam',
46 silly resolved        'lodash.union',
46 silly resolved        'lodash.uniq',
46 silly resolved        'lodash.without',
46 silly resolved        'lru-cache',
46 silly resolved        'meant',
46 silly resolved        'mississippi',
46 silly resolved        'mkdirp',
46 silly resolved        'move-concurrently',
46 silly resolved        'node-gyp',
46 silly resolved        'nopt',
46 silly resolved        'normalize-package-data',
46 silly resolved        'npm-audit-report',
46 silly resolved        'npm-cache-filename',
46 silly resolved        'npm-install-checks',
46 silly resolved        'npm-lifecycle',
46 silly resolved        'npm-package-arg',
46 silly resolved        'npm-packlist',
46 silly resolved        'npm-pick-manifest',
46 silly resolved        'npm-profile',
46 silly resolved        'npm-registry-fetch',
46 silly resolved        'npm-user-validate',
46 silly resolved        'npmlog',
46 silly resolved        'once',
46 silly resolved        'opener',
46 silly resolved        'osenv',
46 silly resolved        'pacote',
46 silly resolved        'path-is-inside',
46 silly resolved        'promise-inflight',
46 silly resolved        'qrcode-terminal',
46 silly resolved        'query-string',
46 silly resolved        'qw',
46 silly resolved        'read-cmd-shim',
46 silly resolved        'read-installed',
46 silly resolved        'read-package-json',
46 silly resolved        'read-package-tree',
46 silly resolved        'read',
46 silly resolved        'readable-stream',
46 silly resolved        'readdir-scoped-modules',
46 silly resolved        'request',
46 silly resolved        'retry',
46 silly resolved        'rimraf',
46 silly resolved        ... 22 more items ],
46 silly resolved     devDependencies:
46 silly resolved      { 'deep-equal': '^1.0.1',
46 silly resolved        'get-stream': '^4.1.0',
46 silly resolved        licensee: '^5.0.0',
46 silly resolved        marked: '^0.6.0',
46 silly resolved        'marked-man': '^0.2.1',
46 silly resolved        'npm-registry-couchapp': '^2.7.1',
46 silly resolved        'npm-registry-mock': '^1.1.0',
46 silly resolved        'require-inject': '^1.4.4',
46 silly resolved        'sprintf-js': '^1.1.2',
46 silly resolved        standard: '^11.0.1',
46 silly resolved        tacks: '^1.2.7',
46 silly resolved        tap: '^12.1.1' },
46 silly resolved     scripts:
46 silly resolved      { dumpconf: 'env | grep npm | sort | uniq',
46 silly resolved        prepare: 'node bin/npm-cli.js rebuild && node bin/npm-cli.js --no-audit --no-timing prune --prefix=. --no-global && rimraf test/*/*/node_modules && make -j4 doc',
46 silly resolved        preversion: 'bash scripts/update-authors.sh && git add AUTHORS && git commit -m "update AUTHORS" || true',
46 silly resolved        licenses: 'licensee --production --errors-only',
46 silly resolved        tap: 'tap --reporter=classic --timeout 300',
46 silly resolved        'tap-cover': 'tap --reporter=classic --nyc-arg=\'--cache\' --coverage --timeout 600',
46 silly resolved        test: 'standard && npm run test-tap',
46 silly resolved        'test-coverage': 'npm run tap-cover -- "test/tap/*.js" "test/network/*.js" "test/broken-under-*/*.js"',
46 silly resolved        'test-tap': 'npm run tap -- "test/tap/*.js" "test/network/*.js" "test/broken-under-*/*.js"',
46 silly resolved        'test-node': 'tap --timeout 240 "test/tap/*.js" "test/network/*.js" "test/broken-under-nyc*/*.js"' },
46 silly resolved     license: 'Artistic-2.0',
46 silly resolved     contributors:
46 silly resolved      [ [Object],
46 silly resolved        [Object],
46 silly resolved        [Object],
46 silly resolved        [Object],
46 silly resolved        [Object],
46 silly resolved        [Object],
46 silly resolved        [Object],
46 silly resolved        [Object],
46 silly resolved        [Object],
46 silly resolved        [Object],
46 silly resolved        [Object],
46 silly resolved        [Object],
46 silly resolved        [Object],
46 silly resolved        [Object],
46 silly resolved        [Object],
46 silly resolved        [Object],
46 silly resolved        [Object],
46 silly resolved        [Object],
46 silly resolved        [Object],
46 silly resolved        [Object],
46 silly resolved        [Object],
46 silly resolved        [Object],
46 silly resolved        [Object],
46 silly resolved        [Object],
46 silly resolved        [Object],
46 silly resolved        [Object],
46 silly resolved        [Object],
46 silly resolved        [Object],
46 silly resolved        [Object],
46 silly resolved        [Object],
46 silly resolved        [Object],
46 silly resolved        [Object],
46 silly resolved        [Object],
46 silly resolved        [Object],
46 silly resolved        [Object],
46 silly resolved        [Object],
46 silly resolved        [Object],
46 silly resolved        [Object],
46 silly resolved        [Object],
46 silly resolved        [Object],
46 silly resolved        [Object],
46 silly resolved        [Object],
46 silly resolved        [Object],
46 silly resolved        [Object],
46 silly resolved        [Object],
46 silly resolved        [Object],
46 silly resolved        [Object],
46 silly resolved        [Object],
46 silly resolved        [Object],
46 silly resolved        [Object],
46 silly resolved        [Object],
46 silly resolved        [Object],
46 silly resolved        [Object],
46 silly resolved        [Object],
46 silly resolved        [Object],
46 silly resolved        [Object],
46 silly resolved        [Object],
46 silly resolved        [Object],
46 silly resolved        [Object],
46 silly resolved        [Object],
46 silly resolved        [Object],
46 silly resolved        [Object],
46 silly resolved        [Object],
46 silly resolved        [Object],
46 silly resolved        [Object],
46 silly resolved        [Object],
46 silly resolved        [Object],
46 silly resolved        [Object],
46 silly resolved        [Object],
46 silly resolved        [Object],
46 silly resolved        [Object],
46 silly resolved        [Object],
46 silly resolved        [Object],
46 silly resolved        [Object],
46 silly resolved        [Object],
46 silly resolved        [Object],
46 silly resolved        [Object],
46 silly resolved        [Object],
46 silly resolved        [Object],
46 silly resolved        [Object],
46 silly resolved        [Object],
46 silly resolved        [Object],
46 silly resolved        [Object],
46 silly resolved        [Object],
46 silly resolved        [Object],
46 silly resolved        [Object],
46 silly resolved        [Object],
46 silly resolved        [Object],
46 silly resolved        [Object],
46 silly resolved        [Object],
46 silly resolved        [Object],
46 silly resolved        [Object],
46 silly resolved        [Object],
46 silly resolved        [Object],
46 silly resolved        [Object],
46 silly resolved        [Object],
46 silly resolved        [Object],
46 silly resolved        [Object],
46 silly resolved        [Object],
46 silly resolved        [Object],
46 silly resolved        ... 520 more items ],
46 silly resolved     man:
46 silly resolved      [ '/Users/zkat/Documents/code/work/npm/man/man1/npm-access.1',
46 silly resolved        '/Users/zkat/Documents/code/work/npm/man/man1/npm-adduser.1',
46 silly resolved        '/Users/zkat/Documents/code/work/npm/man/man1/npm-audit.1',
46 silly resolved        '/Users/zkat/Documents/code/work/npm/man/man1/npm-bin.1',
46 silly resolved        '/Users/zkat/Documents/code/work/npm/man/man1/npm-bugs.1',
46 silly resolved        '/Users/zkat/Documents/code/work/npm/man/man1/npm-build.1',
46 silly resolved        '/Users/zkat/Documents/code/work/npm/man/man1/npm-bundle.1',
46 silly resolved        '/Users/zkat/Documents/code/work/npm/man/man1/npm-cache.1',
46 silly resolved        '/Users/zkat/Documents/code/work/npm/man/man1/npm-ci.1',
46 silly resolved        '/Users/zkat/Documents/code/work/npm/man/man1/npm-completion.1',
46 silly resolved        '/Users/zkat/Documents/code/work/npm/man/man1/npm-config.1',
46 silly resolved        '/Users/zkat/Documents/code/work/npm/man/man1/npm-dedupe.1',
46 silly resolved        '/Users/zkat/Documents/code/work/npm/man/man1/npm-deprecate.1',
46 silly resolved        '/Users/zkat/Documents/code/work/npm/man/man1/npm-dist-tag.1',
46 silly resolved        '/Users/zkat/Documents/code/work/npm/man/man1/npm-docs.1',
46 silly resolved        '/Users/zkat/Documents/code/work/npm/man/man1/npm-doctor.1',
46 silly resolved        '/Users/zkat/Documents/code/work/npm/man/man1/npm-edit.1',
46 silly resolved        '/Users/zkat/Documents/code/work/npm/man/man1/npm-explore.1',
46 silly resolved        '/Users/zkat/Documents/code/work/npm/man/man1/npm-help-search.1',
46 silly resolved        '/Users/zkat/Documents/code/work/npm/man/man1/npm-help.1',
46 silly resolved        '/Users/zkat/Documents/code/work/npm/man/man1/npm-hook.1',
46 silly resolved        '/Users/zkat/Documents/code/work/npm/man/man1/npm-init.1',
46 silly resolved        '/Users/zkat/Documents/code/work/npm/man/man1/npm-install-ci-test.1',
46 silly resolved        '/Users/zkat/Documents/code/work/npm/man/man1/npm-install-test.1',
46 silly resolved        '/Users/zkat/Documents/code/work/npm/man/man1/npm-install.1',
46 silly resolved        '/Users/zkat/Documents/code/work/npm/man/man1/npm-link.1',
46 silly resolved        '/Users/zkat/Documents/code/work/npm/man/man1/npm-logout.1',
46 silly resolved        '/Users/zkat/Documents/code/work/npm/man/man1/npm-ls.1',
46 silly resolved        '/Users/zkat/Documents/code/work/npm/man/man1/npm-org.1',
46 silly resolved        '/Users/zkat/Documents/code/work/npm/man/man1/npm-outdated.1',
46 silly resolved        '/Users/zkat/Documents/code/work/npm/man/man1/npm-owner.1',
46 silly resolved        '/Users/zkat/Documents/code/work/npm/man/man1/npm-pack.1',
46 silly resolved        '/Users/zkat/Documents/code/work/npm/man/man1/npm-ping.1',
46 silly resolved        '/Users/zkat/Documents/code/work/npm/man/man1/npm-prefix.1',
46 silly resolved        '/Users/zkat/Documents/code/work/npm/man/man1/npm-profile.1',
46 silly resolved        '/Users/zkat/Documents/code/work/npm/man/man1/npm-prune.1',
46 silly resolved        '/Users/zkat/Documents/code/work/npm/man/man1/npm-publish.1',
46 silly resolved        '/Users/zkat/Documents/code/work/npm/man/man1/npm-README.1',
46 silly resolved        '/Users/zkat/Documents/code/work/npm/man/man1/npm-rebuild.1',
46 silly resolved        '/Users/zkat/Documents/code/work/npm/man/man1/npm-repo.1',
46 silly resolved        '/Users/zkat/Documents/code/work/npm/man/man1/npm-restart.1',
46 silly resolved        '/Users/zkat/Documents/code/work/npm/man/man1/npm-root.1',
46 silly resolved        '/Users/zkat/Documents/code/work/npm/man/man1/npm-run-script.1',
46 silly resolved        '/Users/zkat/Documents/code/work/npm/man/man1/npm-search.1',
46 silly resolved        '/Users/zkat/Documents/code/work/npm/man/man1/npm-shrinkwrap.1',
46 silly resolved        '/Users/zkat/Documents/code/work/npm/man/man1/npm-star.1',
46 silly resolved        '/Users/zkat/Documents/code/work/npm/man/man1/npm-stars.1',
46 silly resolved        '/Users/zkat/Documents/code/work/npm/man/man1/npm-start.1',
46 silly resolved        '/Users/zkat/Documents/code/work/npm/man/man1/npm-stop.1',
46 silly resolved        '/Users/zkat/Documents/code/work/npm/man/man1/npm-team.1',
46 silly resolved        '/Users/zkat/Documents/code/work/npm/man/man1/npm-test.1',
46 silly resolved        '/Users/zkat/Documents/code/work/npm/man/man1/npm-token.1',
46 silly resolved        '/Users/zkat/Documents/code/work/npm/man/man1/npm-uninstall.1',
46 silly resolved        '/Users/zkat/Documents/code/work/npm/man/man1/npm-unpublish.1',
46 silly resolved        '/Users/zkat/Documents/code/work/npm/man/man1/npm-update.1',
46 silly resolved        '/Users/zkat/Documents/code/work/npm/man/man1/npm-version.1',
46 silly resolved        '/Users/zkat/Documents/code/work/npm/man/man1/npm-view.1',
46 silly resolved        '/Users/zkat/Documents/code/work/npm/man/man1/npm-whoami.1',
46 silly resolved        '/Users/zkat/Documents/code/work/npm/man/man1/npm.1',
46 silly resolved        '/Users/zkat/Documents/code/work/npm/man/man1/npx.1',
46 silly resolved        '/Users/zkat/Documents/code/work/npm/man/man5/npm-folders.5',
46 silly resolved        '/Users/zkat/Documents/code/work/npm/man/man5/npm-global.5',
46 silly resolved        '/Users/zkat/Documents/code/work/npm/man/man5/npm-json.5',
46 silly resolved        '/Users/zkat/Documents/code/work/npm/man/man5/npm-package-locks.5',
46 silly resolved        '/Users/zkat/Documents/code/work/npm/man/man5/npm-shrinkwrap.json.5',
46 silly resolved        '/Users/zkat/Documents/code/work/npm/man/man5/npmrc.5',
46 silly resolved        '/Users/zkat/Documents/code/work/npm/man/man5/package-lock.json.5',
46 silly resolved        '/Users/zkat/Documents/code/work/npm/man/man5/package.json.5',
46 silly resolved        '/Users/zkat/Documents/code/work/npm/man/man7/npm-coding-style.7',
46 silly resolved        '/Users/zkat/Documents/code/work/npm/man/man7/npm-config.7',
46 silly resolved        '/Users/zkat/Documents/code/work/npm/man/man7/npm-developers.7',
46 silly resolved        '/Users/zkat/Documents/code/work/npm/man/man7/npm-disputes.7',
46 silly resolved        '/Users/zkat/Documents/code/work/npm/man/man7/npm-index.7',
46 silly resolved        '/Users/zkat/Documents/code/work/npm/man/man7/npm-orgs.7',
46 silly resolved        '/Users/zkat/Documents/code/work/npm/man/man7/npm-registry.7',
46 silly resolved        '/Users/zkat/Documents/code/work/npm/man/man7/npm-scope.7',
46 silly resolved        '/Users/zkat/Documents/code/work/npm/man/man7/npm-scripts.7',
46 silly resolved        '/Users/zkat/Documents/code/work/npm/man/man7/removing-npm.7',
46 silly resolved        '/Users/zkat/Documents/code/work/npm/man/man7/semver.7' ],
46 silly resolved     gitHead: '550bf703ae3e31ba6a300658ae95b6937f67b68f',
46 silly resolved     _id: 'npm@6.7.0',
46 silly resolved     _nodeVersion: '11.6.0',
46 silly resolved     _npmVersion: '6.7.0',
46 silly resolved     dist:
46 silly resolved      { integrity: 'sha512-OtxCLzx+pcsjMGrjZpBp214ZjxzHcAe3zLYIlaVpRYqFHff6bgggyTLf2OZPO8lfxN0RHLJnFFUU016JCzM/Ww==',
46 silly resolved        shasum: 'a563d6e6806913b2afa4c713ba63047cb7c63ea4',
46 silly resolved        tarball: 'https://registry.npmjs.org/npm/-/npm-6.7.0.tgz',
46 silly resolved        fileCount: 3946,
46 silly resolved        unpackedSize: 18481053,
46 silly resolved        'npm-signature': '-----BEGIN PGP SIGNATURE-----\r\nVersion: OpenPGP.js v3.0.4\r\nComment: https://openpgpjs.org\r\n\r\nwsFcBAEBCAAQBQJcSObUCRA9TVsSAnZWagAACXMQAJSGKy0Xrfg3E0kqzPBf\nHtmOmQF+vAuqaul+hJMaO1EntJLKo6vN+iv1nKnGfD86OrCxZnrIsC6OChwH\nIXCaqCHgKqYG4WcEVYvC7Xn17JDYQ/m7/GFkxyHG5ebYPRwtF1Libj0fREm/\np1ActCnGErHZfhfGx6hCZaKm6SdNzxCG8y6LLHSsFHBxtarStQNjLfjNfDUU\nv1agT2TbDo4jaQsL5I+79GxbnGezqnEjt9Q1+LC4Gx1p6LoA9a1O/hW+UH8Z\ny4U3UxhlrBmp22j0kZoY7tysvoCHG5ANzHwAva03Uvr3yFmEJ6m+085ED3gE\ngDeKf8bejqb36ZvajfgsG9rVWlGYXHp98aJNeLoaakA+3ENGwOCWN/HZY8Bx\njT4YqEnjySKctdM8002x/MVJro8usCEDJnLYKAHwGMi60NVhgip0B8MD/XdA\n7QNKXbu/CTZIMxYzBHlLJ6Pt/j1nILTLVcGKVeSJQarvJ/DsDPm1LSMA/pt4\nJqKqmTL71KN4p5V9gC7CZa2dtQFS38EJaAUguLpFMprRyt7FkTYis83eCItq\nrlH7I+NCi60gMDHBT6wL01qoNei78gMeXGocSSozkWwjzEO5xZkpkcr45rG0\nkUZdcrQSTmfvxH9TCV95z+hFYfALASyRWdZVadzeC7WxalEYFkGG8hA8Qn6k\nZK6C\r\n=Mbde\r\n-----END PGP SIGNATURE-----\r\n' },
46 silly resolved     maintainers: [ [Object], [Object], [Object], [Object], [Object], [Object] ],
46 silly resolved     _npmUser: { name: 'zkat', email: 'npm@zkat.tech' },
46 silly resolved     _npmOperationalInternal:
46 silly resolved      { host: 's3://npm-registry-packages',
46 silly resolved        tmp: 'tmp/npm_6.7.0_1548281555277_0.8615394407203485' },
46 silly resolved     _hasShrinkwrap: false,
46 silly resolved     _shasum: 'a563d6e6806913b2afa4c713ba63047cb7c63ea4',
46 silly resolved     _from: 'npm@',
46 silly resolved     _resolved: 'https://registry.npmjs.org/npm/-/npm-6.7.0.tgz' } ]
47 info install npm@6.7.0 into /usr/local/lib
48 info installOne npm@6.7.0
49 verbose lib/node_modules/npm unbuild
50 verbose tar unpack /home/pi/.npm/npm/6.7.0/package.tgz
51 silly lockFile 3dfa8f63-r-usr-local-lib-node-modules-npm tar:///usr/local/lib/node_modules/npm
52 verbose lock tar:///usr/local/lib/node_modules/npm /home/pi/.npm/3dfa8f63-r-usr-local-lib-node-modules-npm.lock
53 silly lockFile 9a6d84d9-ome-pi-npm-npm-6-7-0-package-tgz tar:///home/pi/.npm/npm/6.7.0/package.tgz
54 verbose lock tar:///home/pi/.npm/npm/6.7.0/package.tgz /home/pi/.npm/9a6d84d9-ome-pi-npm-npm-6-7-0-package-tgz.lock
55 silly gunzTarPerm modes [ '755', '644' ]
56 error tar.unpack untar error /home/pi/.npm/npm/6.7.0/package.tgz
57 silly lockFile 3dfa8f63-r-usr-local-lib-node-modules-npm tar:///usr/local/lib/node_modules/npm
58 silly lockFile 3dfa8f63-r-usr-local-lib-node-modules-npm tar:///usr/local/lib/node_modules/npm
59 silly lockFile 9a6d84d9-ome-pi-npm-npm-6-7-0-package-tgz tar:///home/pi/.npm/npm/6.7.0/package.tgz
60 silly lockFile 9a6d84d9-ome-pi-npm-npm-6-7-0-package-tgz tar:///home/pi/.npm/npm/6.7.0/package.tgz
61 verbose lib/node_modules/npm unbuild
62 error Error: EACCES: permission denied, mkdir '/usr/local/lib/node_modules'
62 error  { Error: EACCES: permission denied, mkdir '/usr/local/lib/node_modules'
62 error   errno: -13,
62 error   code: 'EACCES',
62 error   syscall: 'mkdir',
62 error   path: '/usr/local/lib/node_modules',
62 error   fstream_type: 'Directory',
62 error   fstream_path: '/usr/local/lib/node_modules/npm',
62 error   fstream_class: 'DirWriter',
62 error   fstream_stack:
62 error    [ '/usr/lib/nodejs/fstream/lib/writer.js:171:25',
62 error      '/usr/lib/nodejs/mkdirp/index.js:46:53',
62 error      'FSReqWrap.oncomplete (fs.js:152:21)' ] }
63 error Please try running this command again as root/Administrator.
64 error System Linux 4.14.79-v7+
65 error command "/usr/bin/node" "/usr/bin/npm" "install" "-g" "npm"
66 error cwd /home/pi/Documents/PiOpener-Server-FCM
67 error node -v v8.11.1
68 error npm -v 1.4.21
69 error path /usr/local/lib/node_modules
70 error syscall mkdir
71 error fstream_path /usr/local/lib/node_modules/npm
72 error fstream_type Directory
73 error fstream_class DirWriter
74 error code EACCES
75 error errno -13
76 error stack Error: EACCES: permission denied, mkdir '/usr/local/lib/node_modules'
77 error fstream_stack /usr/lib/nodejs/fstream/lib/writer.js:171:25
77 error fstream_stack /usr/lib/nodejs/mkdirp/index.js:46:53
77 error fstream_stack FSReqWrap.oncomplete (fs.js:152:21)
78 verbose exit [ -13, true ]
